<?xml version="1.0" encoding="UTF-8"?>
<!-- Generated by org.testng.reporters.JUnitXMLReporter -->
<testsuite ignored="0" hostname="LAPTOP-0S637K8C" failures="0" tests="3" name="Test" time="8.333" errors="0" timestamp="2025-03-15T17:03:40 IST">
  <testcase classname="tpage.DataProviderDemo" name="testlogin" time="2.326"/>
  <testcase classname="tpage.DataProviderDemo" name="verfiytitle" time="0.966"/>
  <testcase classname="tpage.DataProviderDemo" name="verfiyurl" time="0.008"/>
</testsuite> <!-- Test -->
