<?xml version="1.0" encoding="UTF-8"?>
<testng-results ignored="0" total="7" passed="6" failed="1" skipped="0">
  <reporter-output>
  </reporter-output>
  <suite started-at="2025-03-16T16:20:03 IST" name="Default suite" finished-at="2025-03-16T16:20:11 IST" duration-ms="8454">
    <groups>
    </groups>
    <test started-at="2025-03-16T16:20:03 IST" name="Default test" finished-at="2025-03-16T16:20:11 IST" duration-ms="8454">
      <class name="tpage.DataProviderDemo">
        <test-method is-config="true" signature="setup()[pri:0, instance:tpage.DataProviderDemo@37d4349f]" started-at="2025-03-16T16:20:03 IST" name="setup" finished-at="2025-03-16T16:20:04 IST" duration-ms="1510" status="PASS">
          <reporter-output>
          </reporter-output>
        </test-method> <!-- setup -->
        <test-method signature="testlogin(java.lang.String,java.lang.String)[pri:1, instance:tpage.DataProviderDemo@37d4349f]" started-at="2025-03-16T16:20:04 IST" name="testlogin" data-provider="dp" finished-at="2025-03-16T16:20:07 IST" duration-ms="2701" status="PASS">
          <params>
            <param index="0">
              <value>
                <![CDATA[testtestyop.com]]>
              </value>
            </param>
            <param index="1">
              <value>
                <![CDATA[hllo123]]>
              </value>
            </param>
          </params>
          <reporter-output>
          </reporter-output>
        </test-method> <!-- testlogin -->
        <test-method signature="testlogin(java.lang.String,java.lang.String)[pri:1, instance:tpage.DataProviderDemo@37d4349f]" started-at="2025-03-16T16:20:07 IST" name="testlogin" data-provider="dp" finished-at="2025-03-16T16:20:08 IST" duration-ms="946" status="PASS">
          <params>
            <param index="0">
              <value>
                <![CDATA[testtestyop]]>
              </value>
            </param>
            <param index="1">
              <value>
                <![CDATA[ello@33]]>
              </value>
            </param>
          </params>
          <reporter-output>
          </reporter-output>
        </test-method> <!-- testlogin -->
        <test-method signature="testlogin(java.lang.String,java.lang.String)[pri:1, instance:tpage.DataProviderDemo@37d4349f]" started-at="2025-03-16T16:20:08 IST" name="testlogin" data-provider="dp" finished-at="2025-03-16T16:20:09 IST" duration-ms="831" status="PASS">
          <params>
            <param index="0">
              <value>
                <![CDATA[testtestyopmeil@yopmail.com]]>
              </value>
            </param>
            <param index="1">
              <value>
                <![CDATA[Hello123]]>
              </value>
            </param>
          </params>
          <reporter-output>
          </reporter-output>
        </test-method> <!-- testlogin -->
        <test-method signature="testlogin(java.lang.String,java.lang.String)[pri:1, instance:tpage.DataProviderDemo@37d4349f]" started-at="2025-03-16T16:20:09 IST" name="testlogin" data-provider="dp" finished-at="2025-03-16T16:20:10 IST" duration-ms="824" status="PASS">
          <params>
            <param index="0">
              <value>
                <![CDATA[testtestyopmeil@yopmail.com]]>
              </value>
            </param>
            <param index="1">
              <value>
                <![CDATA[ewrwe]]>
              </value>
            </param>
          </params>
          <reporter-output>
          </reporter-output>
        </test-method> <!-- testlogin -->
        <test-method signature="testlogin(java.lang.String,java.lang.String)[pri:1, instance:tpage.DataProviderDemo@37d4349f]" started-at="2025-03-16T16:20:10 IST" name="testlogin" data-provider="dp" finished-at="2025-03-16T16:20:11 IST" duration-ms="849" status="PASS">
          <params>
            <param index="0">
              <value>
                <![CDATA[testtestyopmeil@yopmail.com]]>
              </value>
            </param>
            <param index="1">
              <value>
                <![CDATA[Hello123]]>
              </value>
            </param>
          </params>
          <reporter-output>
          </reporter-output>
        </test-method> <!-- testlogin -->
        <test-method signature="verfiytitle(java.lang.String)[pri:2, instance:tpage.DataProviderDemo@37d4349f]" started-at="2025-03-16T16:20:11 IST" name="verfiytitle" data-provider="dp" finished-at="2025-03-16T16:20:11 IST" duration-ms="0" status="FAIL">
          <exception class="org.testng.internal.reflect.MethodMatcherException">
            <message>
              <![CDATA[
[void tpage.DataProviderDemo.verfiytitle(java.lang.String)] has no parameters defined but was found to be using a data provider (either explicitly specified or inherited from class level annotation).
Data provider mismatch
Method: verfiytitle([Parameter{index=0, type=java.lang.String, declaredAnnotations=[]}])
Arguments: [(java.lang.String) testtestyop.com,(java.lang.String) hllo123]]]>
            </message>
            <full-stacktrace>
              <![CDATA[org.testng.internal.reflect.MethodMatcherException: 
[void tpage.DataProviderDemo.verfiytitle(java.lang.String)] has no parameters defined but was found to be using a data provider (either explicitly specified or inherited from class level annotation).
Data provider mismatch
Method: verfiytitle([Parameter{index=0, type=java.lang.String, declaredAnnotations=[]}])
Arguments: [(java.lang.String) testtestyop.com,(java.lang.String) hllo123]
at org.testng.internal.reflect.DataProviderMethodMatcher.getConformingArguments(DataProviderMethodMatcher.java:43)
at org.testng.internal.Parameters.injectParameters(Parameters.java:914)
at org.testng.internal.MethodRunner.runInSequence(MethodRunner.java:34)
at org.testng.internal.TestInvoker$MethodInvocationAgent.invoke(TestInvoker.java:824)
at org.testng.internal.TestInvoker.invokeTestMethods(TestInvoker.java:146)
at org.testng.internal.TestMethodWorker.invokeTestMethods(TestMethodWorker.java:146)
at org.testng.internal.TestMethodWorker.run(TestMethodWorker.java:128)
at java.base/java.util.ArrayList.forEach(ArrayList.java:1511)
at org.testng.TestRunner.privateRun(TestRunner.java:794)
at org.testng.TestRunner.run(TestRunner.java:596)
at org.testng.SuiteRunner.runTest(SuiteRunner.java:377)
at org.testng.SuiteRunner.runSequentially(SuiteRunner.java:371)
at org.testng.SuiteRunner.privateRun(SuiteRunner.java:332)
at org.testng.SuiteRunner.run(SuiteRunner.java:276)
at org.testng.SuiteRunnerWorker.runSuite(SuiteRunnerWorker.java:53)
at org.testng.SuiteRunnerWorker.run(SuiteRunnerWorker.java:96)
at org.testng.TestNG.runSuitesSequentially(TestNG.java:1212)
at org.testng.TestNG.runSuitesLocally(TestNG.java:1134)
at org.testng.TestNG.runSuites(TestNG.java:1063)
at org.testng.TestNG.run(TestNG.java:1031)
at org.testng.remote.AbstractRemoteTestNG.run(AbstractRemoteTestNG.java:115)
at org.testng.remote.RemoteTestNG.initAndRun(RemoteTestNG.java:293)
at org.testng.remote.RemoteTestNG.main(RemoteTestNG.java:91)
]]>
            </full-stacktrace>
          </exception> <!-- org.testng.internal.reflect.MethodMatcherException -->
          <reporter-output>
          </reporter-output>
        </test-method> <!-- verfiytitle -->
        <test-method signature="verfiyurl()[pri:3, instance:tpage.DataProviderDemo@37d4349f]" started-at="2025-03-16T16:20:11 IST" name="verfiyurl" finished-at="2025-03-16T16:20:11 IST" duration-ms="598" status="PASS">
          <reporter-output>
          </reporter-output>
        </test-method> <!-- verfiyurl -->
        <test-method is-config="true" signature="teardown()[pri:0, instance:tpage.DataProviderDemo@37d4349f]" started-at="2025-03-16T16:20:11 IST" name="teardown" finished-at="2025-03-16T16:20:11 IST" duration-ms="153" status="PASS">
          <reporter-output>
          </reporter-output>
        </test-method> <!-- teardown -->
      </class> <!-- tpage.DataProviderDemo -->
    </test> <!-- Default test -->
  </suite> <!-- Default suite -->
</testng-results>
