<?xml version="1.0" encoding="UTF-8"?>
<!-- Generated by org.testng.reporters.JUnitReportReporter -->
<testsuite hostname="LAPTOP-0S637K8C" failures="0" tests="7" name="tpage.DataProviderDemo" time="6.749" errors="1" timestamp="2025-03-16T16:20:12 IST" skipped="0">
  <testcase classname="tpage.DataProviderDemo" name="testlogin" time="0.824"/>
  <system-out/>
  <testcase classname="tpage.DataProviderDemo" name="testlogin" time="0.849"/>
  <system-out/>
  <testcase classname="tpage.DataProviderDemo" name="testlogin" time="2.701"/>
  <system-out/>
  <testcase classname="tpage.DataProviderDemo" name="testlogin" time="0.946"/>
  <system-out/>
  <testcase classname="tpage.DataProviderDemo" name="testlogin" time="0.831"/>
  <system-out/>
  <testcase classname="tpage.DataProviderDemo" name="verfiytitle" time="0.000">
    <error message="
[void tpage.DataProviderDemo.verfiytitle(java.lang.String)] has no parameters defined but was found to be using a data provider (either explicitly specified or inherited from class level annotation).
Data provider mismatch
Method: verfiytitle([Parameter{index=0, type=java.lang.String, declaredAnnotations=[]}])
Arguments: [(java.lang.String) testtestyop.com,(java.lang.String) hllo123]" type="org.testng.internal.reflect.MethodMatcherException">
      <![CDATA[org.testng.internal.reflect.MethodMatcherException: 
[void tpage.DataProviderDemo.verfiytitle(java.lang.String)] has no parameters defined but was found to be using a data provider (either explicitly specified or inherited from class level annotation).
Data provider mismatch
Method: verfiytitle([Parameter{index=0, type=java.lang.String, declaredAnnotations=[]}])
Arguments: [(java.lang.String) testtestyop.com,(java.lang.String) hllo123]
at org.testng.internal.reflect.DataProviderMethodMatcher.getConformingArguments(DataProviderMethodMatcher.java:43)
at org.testng.internal.Parameters.injectParameters(Parameters.java:914)
at org.testng.internal.MethodRunner.runInSequence(MethodRunner.java:34)
at org.testng.internal.TestInvoker$MethodInvocationAgent.invoke(TestInvoker.java:824)
at org.testng.internal.TestInvoker.invokeTestMethods(TestInvoker.java:146)
at org.testng.internal.TestMethodWorker.invokeTestMethods(TestMethodWorker.java:146)
at org.testng.internal.TestMethodWorker.run(TestMethodWorker.java:128)
at java.base/java.util.ArrayList.forEach(ArrayList.java:1511)
at org.testng.TestRunner.privateRun(TestRunner.java:794)
at org.testng.TestRunner.run(TestRunner.java:596)
at org.testng.SuiteRunner.runTest(SuiteRunner.java:377)
at org.testng.SuiteRunner.runSequentially(SuiteRunner.java:371)
at org.testng.SuiteRunner.privateRun(SuiteRunner.java:332)
at org.testng.SuiteRunner.run(SuiteRunner.java:276)
at org.testng.SuiteRunnerWorker.runSuite(SuiteRunnerWorker.java:53)
at org.testng.SuiteRunnerWorker.run(SuiteRunnerWorker.java:96)
at org.testng.TestNG.runSuitesSequentially(TestNG.java:1212)
at org.testng.TestNG.runSuitesLocally(TestNG.java:1134)
at org.testng.TestNG.runSuites(TestNG.java:1063)
at org.testng.TestNG.run(TestNG.java:1031)
at org.testng.remote.AbstractRemoteTestNG.run(AbstractRemoteTestNG.java:115)
at org.testng.remote.RemoteTestNG.initAndRun(RemoteTestNG.java:293)
at org.testng.remote.RemoteTestNG.main(RemoteTestNG.java:91)
]]>
    </error>
  </testcase> <!-- verfiytitle -->
  <system-out/>
  <testcase classname="tpage.DataProviderDemo" name="verfiyurl" time="0.598"/>
  <system-out/>
</testsuite> <!-- tpage.DataProviderDemo -->
